<?xml version="1.0" encoding="UTF-8"?>
<!-- Generated by org.testng.reporters.JUnitXMLReporter -->
<testsuite ignored="0" hostname="DESKTOP-9DEF2O9" failures="1" tests="1" name="NegativeTests" time="0.007" errors="0" timestamp="23 Feb 2019 19:51:22 GMT">
  <testcase classname="com.herokuapp.theinternet.NegativeTests" name="negativeTest" time="0.0">
    <failure type="org.testng.TestNGException" message="
Parameter &amp;apos;username&amp;apos; is required by @Test on method negativeTest but has not been marked @Optional or defined
in C:\eclipse-workspace\selenium-for-beginners\src\test\resources\TestSuites\testng.xml">
      <![CDATA[org.testng.TestNGException: 
Parameter 'username' is required by @Test on method negativeTest but has not been marked @Optional or defined
in C:\eclipse-workspace\selenium-for-beginners\src\test\resources\TestSuites\testng.xml
... Removed 28 stack frames]]>
    </failure>
  </testcase> <!-- negativeTest -->
</testsuite> <!-- NegativeTests -->
